09:52:26  [main] 	Initializing Control Panel
09:52:26  [main] 	Windows Version:  Home  64-bit
09:52:26  [main] 	XAMPP Version: 5.6.35
09:52:26  [main] 	Control Panel Version: 3.2.2  [ Compiled: Nov 12th 2015 ]
09:52:26  [main] 	You are not running with administrator rights! This will work for
09:52:26  [main] 	most application stuff but whenever you do something with services
09:52:26  [main] 	there will be a security dialogue or things will break! So think 
09:52:26  [main] 	about running this application with administrator rights!
09:52:26  [main] 	XAMPP Installation Directory: "c:\xampp\"
09:52:26  [main] 	Checking for prerequisites
09:52:50  [main] 	All prerequisites found
09:52:50  [main] 	Initializing Modules
09:52:51  [main] 	Starting Check-Timer
09:52:51  [main] 	Control Panel Ready
10:07:55  [Apache] 	Attempting to start Apache app...
10:07:55  [Apache] 	Status change detected: running
10:07:55  [mysql] 	Attempting to start MySQL app...
10:07:56  [mysql] 	Status change detected: running
16:34:06  [main] 	Deinitializing Modules
16:34:06  [main] 	Deinitializing Control Panel

16:49:36  [main] 	Initializing Control Panel
16:49:36  [main] 	Windows Version:  Home  64-bit
16:49:36  [main] 	XAMPP Version: 5.6.35
16:49:36  [main] 	Control Panel Version: 3.2.2  [ Compiled: Nov 12th 2015 ]
16:49:36  [main] 	You are not running with administrator rights! This will work for
16:49:36  [main] 	most application stuff but whenever you do something with services
16:49:36  [main] 	there will be a security dialogue or things will break! So think 
16:49:36  [main] 	about running this application with administrator rights!
16:49:36  [main] 	XAMPP Installation Directory: "c:\xampp\"
16:49:36  [main] 	Checking for prerequisites
16:49:36  [main] 	All prerequisites found
16:49:36  [main] 	Initializing Modules
16:49:36  [Apache] 	XAMPP Apache is already running on port 80
16:49:36  [Apache] 	XAMPP Apache is already running on port 443
16:49:36  [mysql] 	XAMPP MySQL is already running on port 3306
16:49:36  [main] 	StartinHeavy Jizz - chatscams.com 7 min HD
Chatscams-com1k                     

Heavy Jizz - chatscams.com 7 min HD
Chatscams-com1k                     

Heavy Jizz - chatscams.com 7 min HD
Chatscams-com1k                     

Heavy Jizz - chatscams.com 7 min HD
Chatscams-com1k                     

Heavy Jizz - chatscams.com 7 min HD
Chatscams-com1k                     

Heavy Jizz - chatscams.com 7 min HD
Chatscams-com1k                     

Heavy Jizz - chatscams.com 7 min HD
Chatscams-com1k                     

Heavy Jizz - chatscams.com 7 min HD
Chatscams-com1k                     

Heavy Jizz - chatscams.com 7 min HD
Chatscams-com1k                     

Heavy Jizz - chatscams.com 7 min HD
Chatscams-com1k                     

Heavy Jizz - chatscams.com 7 min HD
Chatscams-com1k                     

Heavy Jizz - chatscams.com 7 min HD
Chatscams-com1k                     

Heavy Jizz - chatscams.com 7 min HD
Chatscams-com1k                     

Heavy Jizz - chatscams.com 7 min HD
Chatscams-com1k                     

Heavy Jizz - chatscams.com 7 min HD
Chatscams-com1k                     

Heavy Jizz - chatscams.com 7 min HD
Chatscams-com1k                     

Heavy Jizz - chatscams.com 7 min HD
Chatscams-com1k                     

Heavy Jizz - chatscams.com 7 min HD
Chatscams-com1k                     

Heavy Jizz - chatscams.com 7 min HD
Chatscams-com1k                     

Heavy Jizz - chatscams.com 7 min HD
Chatscams-com1k                     

Heavy Jizz - chatscams.com 7 min HD
Chatscams-com1k                     

Heavy Jizz - chatscams.com 7 min HD
Chatscams-com1k                     

Heavy Jizz - chatscams.com 7 min HD
Chatscams-com1k                     


16:51:11  [main] 	Deinitializing Modules
16:51:11  [main] 	Deinitializing Control Panel

11:31:10  [main] 	Initializing Control Panel
11:31:10  [main] 	Windows Version:  Home  64-bit
11:31:10  [main] 	XAMPP Version: 5.6.35
11:31:10  [main] 	Control Panel Version: 3.2.2  [ Compiled: Nov 12th 2015 ]
11:31:10  [main] 	You are not running with administrator rights! This will work for
11:31:10  [main] 	most application stuff but whenever you do something with services
11:31:10  [main] 	there will be a security dialogue or things will break! So think 
11:31:10  [main] 	about running this application with administrator rights!
11:31:10  [main] 	XAMPP Installation Directory: "c:\xampp\"
11:31:10  [main] 	Checking for prerequisites
11:31:24  [main] 	All prerequisites found
11:31:24  [main] 	Initializing Modules
11:31:24  [main] 	Starting Check-Timer
11:31:24  [main] 	Control Panel Ready
11:31:27  [Apache] 	Attempting to start Apache app...
11:31:27  [Apache] 	Status change detected: running
11:31:27  [mysql] 	Attempting to start MySQL app...
11:31:27  [mysql] 	Status change detected: running
16:51:11  [Apache] 	Status change detected: stopped
16:51:11  [Apache] 	Error: Apache shutdown unexpectedly.
16:51:11  [Apache] 	This may be due to a blocked port, missing dependencies, 
16:51:11  [Apache] 	improper privileges, a crash, or a shutdown by another method.
16:51:11  [Apache] 	Press the Logs button to view error logs and check
16:51:11  [Apache] 	the Windows Event Viewer for more clues
16:51:11  [Apache] 	If you need more help, copy and post this
16:51:11  [Apache] 	entire log window on the forums
16:51:11  [mysql] 	Status change detected: stopped
16:51:11  [mysql] 	Error: MySQL shutdown unexpectedly.
16:51:11  [mysql] 	This may be due to a blocked port, missing dependencies, 
16:51:11  [mysql] 	improper privileges, a crash, or a shutdown by another method.
16:51:11  [mysql] 	Press the Logs button to view error logs and check
16:51:11  [mysql] 	the Windows Event Viewer for more clues
16:51:11  [mysql] 	If you need more help, copy and post this
16:51:11  [mysql] 	entire log window on the forums
16:51:13  [main] 	Deinitializing Modules
16:51:13  [main] 	Deinitializing Control Panel

10:09:09  [main] 	Initializing Control Panel
10:09:09  [main] 	Windows Version:  Home  64-bit
10:09:09  [main] 	XAMPP Version: 5.6.35
10:09:09  [main] 	Control Panel Version: 3.2.2  [ Compiled: Nov 12th 2015 ]
10:09:09  [main] 	You are not running with administrator rights! This will work for
10:09:09  [main] 	most application stuff but whenever you do something with services
10:09:09  [main] 	there will be a security dialogue or things will break! So think 
10:09:09  [main] 	about running this application with administrator rights!
10:09:09  [main] 	XAMPP Installation Directory: "c:\xampp\"
10:09:09  [main] 	Checking for prerequisites
10:09:45  [main] 	All prerequisites found
10:09:45  [main] 	Initializing Modules
10:09:45  [main] 	Starting Check-Timer
10:09:45  [main] 	Control Panel Ready
10:10:04  [Apache] 	Status change detected: running
10:10:07  [mysql] 	Status change detected: running
11:48:12  [main] 	Deinitializing Modules
11:48:12  [main] 	Deinitializing Control Panel

10:09:09  [main] 	Initializing Control Panel
10:09:09  [main] 	Windows Version:  Home  64-bit
10:09:09  [main] 	XAMPP Version: 5.6.35
10:09:09  [main] 	Control Panel Version: 3.2.2  [ Compiled: Nov 12th 2015 ]
10:09:09  [main] 	You are not running with administrator rights! This will work for
10:09:09  [main] 	most application stuff but whenever you do something with services
10:09:09  [main] 	there will be a security dialogue or things will break! So think 
10:09:09  [main] 	about running this application with administrator rights!
10:09:09  [main] 	XAMPP Installation Directory: "c:\xampp\"
10:09:09  [main] 	Checking for prerequisites
10:09:45  [main] 	All prerequisites found
10:09:45  [main] 	Initializing Modules
10:09:45  [main] 	Starting Check-Timer
10:09:45  [main] 	Control Panel Ready
10:10:04  [Apache] 	Status change detected: running
10:10:07  [mysql] 	Status change detected: running
11:48:13  [main] 	Deinitializing Modules
11:48:13  [main] 	Deinitializing Control Panel

10:09:09  [main] 	Initializing Control Panel
10:09:09  [main] 	Windows Version:  Home  64-bit
10:09:09  [main] 	XAMPP Version: 5.6.35
10:09:09  [main] 	Control Panel Version: 3.2.2  [ Compiled: Nov 12th 2015 ]
10:09:09  [main] 	You are not running with administrator rights! This will work for
10:09:09  [main] 	most application stuff but whenever you do something with services
10:09:09  [main] 	there will be a security dialogue or things will break! So think 
10:09:09  [main] 	about running this application with administrator rights!
10:09:09  [main] 	XAMPP Installation Directory: "c:\xampp\"
10:09:09  [main] 	Checking for prerequisites
10:09:45  [main] 	All prerequisites found
10:09:45  [main] 	Initializing Modules
10:09:45  [main] 	Starting Check-Timer
10:09:45  [main] 	Control Panel Ready
10:10:02  [Apache] 	Attempting to start Apache app...
10:10:04  [mysql] 	Attempting to start MySQL app...
10:10:06  [Apache] 	Status change detected: running
10:10:06  [mysql] 	Status change detected: running
11:48:14  [main] 	Deinitializing Modules
11:48:14  [main] 	Deinitializing Control Panel

1:21:58 PM  [main] 	Initializing Control Panel
1:21:58 PM  [main] 	Windows Version:  Home  64-bit
1:21:58 PM  [main] 	XAMPP Version: 5.6.35
1:21:58 PM  [main] 	Control Panel Version: 3.2.2  [ Compiled: Nov 12th 2015 ]
1:21:58 PM  [main] 	You are not running with administrator rights! This will work for
1:21:58 PM  [main] 	most application stuff but whenever you do something with services
1:21:58 PM  [main] 	there will be a security dialogue or things will break! So think 
1:21:58 PM  [main] 	about running this application with administrator rights!
1:21:58 PM  [main] 	XAMPP Installation Directory: "c:\xampp\"
1:21:58 PM  [main] 	Checking for prerequisites
1:22:32 PM  [main] 	All prerequisites found
1:22:32 PM  [main] 	Initializing Modules
1:22:32 PM  [main] 	Starting Check-Timer
1:22:32 PM  [main] 	Control Panel Ready
1:23:21 PM  [Apache] 	Attempting to start Apache app...
1:23:21 PM  [Apache] 	Status change detected: running
1:23:22 PM  [mysql] 	Attempting to start MySQL app...
1:23:22 PM  [mysql] 	Status change detected: running
4:28:02 PM  [main] 	Deinitializing Modules
4:28:02 PM  [main] 	Deinitializing Control Panel

1:42:02 PM  [main] 	Initializing Control Panel
1:42:02 PM  [main] 	Windows Version:  Home  64-bit
1:42:03 PM  [main] 	XAMPP Version: 5.6.35
1:42:03 PM  [main] 	Control Panel Version: 3.2.2  [ Compiled: Nov 12th 2015 ]
1:42:03 PM  [main] 	You are not running with administrator rights! This will work for
1:42:03 PM  [main] 	most application stuff but whenever you do something with services
1:42:03 PM  [main] 	there will be a security dialogue or things will break! So think 
1:42:03 PM  [main] 	about running this application with administrator rights!
1:42:03 PM  [main] 	XAMPP Installation Directory: "c:\xampp\"
1:42:03 PM  [main] 	Checking for prerequisites
1:43:47 PM  [main] 	All prerequisites found
1:43:47 PM  [main] 	Initializing Modules
1:43:47 PM  [main] 	Starting Check-Timer
1:43:47 PM  [main] 	Control Panel Ready
1:45:14 PM  [Apache] 	Attempting to start Apache app...
1:45:14 PM  [Apache] 	Status change detected: running
1:45:14 PM  [mysql] 	Attempting to start MySQL app...
1:45:14 PM  [mysql] 	Status change detected: running
6:57:57 PM  [main] 	Deinitializing Modules
6:57:57 PM  [main] 	Deinitializing Control Panel

8:34:07 AM  [main] 	Initializing Control Panel
8:34:07 AM  [main] 	Windows Version:  Home  64-bit
8:34:07 AM  [main] 	XAMPP Version: 5.6.35
8:34:07 AM  [main] 	Control Panel Version: 3.2.2  [ Compiled: Nov 12th 2015 ]
8:34:07 AM  [main] 	You are not running with administrator rights! This will work for
8:34:07 AM  [main] 	most application stuff but whenever you do something with services
8:34:07 AM  [main] 	there will be a security dialogue or things will break! So think 
8:34:07 AM  [main] 	about running this application with administrator rights!
8:34:07 AM  [main] 	XAMPP Installation Directory: "c:\xampp\"
8:34:07 AM  [main] 	Checking for prerequisites
8:36:33 AM  [main] 	All prerequisites found
8:36:33 AM  [main] 	Initializing Modules
8:36:34 AM  [main] 	Starting Check-Timer
8:36:34 AM  [main] 	Control Panel Ready
8:37:00 AM  [Apache] 	Attempting to start Apache app...
8:37:00 AM  [mysql] 	Attempting to start MySQL app...
8:37:01 AM  [Apache] 	Status change detected: running
8:37:01 AM  [mysql] 	Status change detected: running
10:09:27 AM  [mysql] 	Status change detected: stopped
10:09:27 AM  [mysql] 	Error: MySQL shutdown unexpectedly.
10:09:27 AM  [mysql] 	This may be due to a blocked port, missing dependencies, 
10:09:27 AM  [mysql] 	improper privileges, a crash, or a shutdown by another method.
10:09:27 AM  [mysql] 	Press the Logs button to view error logs and check
10:09:27 AM  [mysql] 	the Windows Event Viewer for more clues
10:09:27 AM  [mysql] 	If you need more help, copy and post this
10:09:27 AM  [mysql] 	entire log window on the forums
10:09:28 AM  [Apache] 	Status change detected: stopped
10:09:28 AM  [Apache] 	Error: Apache shutdown unexpectedly.
10:09:28 AM  [Apache] 	This may be due to a blocked port, missing dependencies, 
10:09:28 AM  [Apache] 	improper privileges, a crash, or a shutdown by another method.
10:09:28 AM  [Apache] 	Press the Logs button to view error logs and check
10:09:28 AM  [Apache] 	the Windows Event Viewer for more clues
10:09:28 AM  [Apache] 	If you need more help, copy and post this
10:09:28 AM  [Apache] 	entire log window on the forums
10:09:28 AM  [main] 	Deinitializing Modules
10:09:28 AM  [main] 	Deinitializing Control Panel

10:41:21 AM  [main] 	Initializing Control Panel
10:41:21 AM  [main] 	Windows Version:  Home  64-bit
10:41:21 AM  [main] 	XAMPP Version: 5.6.35
10:41:21 AM  [main] 	Control Panel Version: 3.2.2  [ Compiled: Nov 12th 2015 ]
10:41:21 AM  [main] 	You are not running with administrator rights! This will work for
10:41:21 AM  [main] 	most application stuff but whenever you do something with services
10:41:21 AM  [main] 	there will be a security dialogue or things will break! So think 
10:41:21 AM  [main] 	about running this application with administrator rights!
10:41:21 AM  [main] 	XAMPP Installation Directory: "c:\xampp\"
10:41:21 AM  [main] 	Checking for prerequisites
10:41:45 AM  [main] 	All prerequisites found
10:41:45 AM  [main] 	Initializing Modules
10:41:45 AM  [main] 	Starting Check-Timer
10:41:45 AM  [main] 	Control Panel Ready
10:41:47 AM  [Apache] 	Attempting to start Apache app...
10:41:48 AM  [mysql] 	Attempting to start MySQL app...
10:41:48 AM  [Apache] 	Status change detected: running
10:41:48 AM  [mysql] 	Status change detected: running
10:44:00 AM  [main] 	Deinitializing Modules
10:44:00 AM  [main] 	Deinitializing Control Panel

9:48:43 AM  [main] 	Initializing Control Panel
9:48:43 AM  [main] 	Windows Version:  Home  64-bit
9:48:43 AM  [main] 	XAMPP Version: 5.6.35
9:48:43 AM  [main] 	Control Panel Version: 3.2.2  [ Compiled: Nov 12th 2015 ]
9:48:43 AM  [main] 	You are not running with administrator rights! This will work for
9:48:43 AM  [main] 	most application stuff but whenever you do something with services
9:48:43 AM  [main] 	there will be a security dialogue or things will break! So think 
9:48:43 AM  [main] 	about running this application with administrator rights!
9:48:43 AM  [main] 	XAMPP Installation Directory: "c:\xampp\"
9:48:44 AM  [main] 	Checking for prerequisites
9:48:55 AM  [main] 	All prerequisites found
9:48:55 AM  [main] 	Initializing Modules
9:48:55 AM  [main] 	Starting Check-Timer
9:48:55 AM  [main] 	Control Panel Ready
9:48:59 AM  [Apache] 	Attempting to start Apache app...
9:48:59 AM  [Apache] 	Status change detected: running
9:48:59 AM  [mysql] 	Attempting to start MySQL app...
9:48:59 AM  [mysql] 	Status change detected: running
10:53:37 AM  [main] 	Deinitializing Modules
10:53:37 AM  [main] 	Deinitializing Control Panel

11:19:38 AM  [main] 	Initializing Control Panel
11:19:38 AM  [main] 	Windows Version:  Home  64-bit
11:19:38 AM  [main] 	XAMPP Version: 5.6.35
11:19:38 AM  [main] 	Control Panel Version: 3.2.2  [ Compiled: Nov 12th 2015 ]
11:19:38 AM  [main] 	You are not running with administrator rights! This will work for
11:19:38 AM  [main] 	most application stuff but whenever you do something with services
11:19:38 AM  [main] 	there will be a security dialogue or things will break! So think 
11:19:38 AM  [main] 	about running this application with administrator rights!
11:19:38 AM  [main] 	XAMPP Installation Directory: "c:\xampp\"
11:19:38 AM  [main] 	Checking for prerequisites
11:19:38 AM  [main] 	All prerequisites found
11:19:38 AM  [main] 	Initializing Modules
11:19:38 AM  [main] 	Starting Check-Timer
11:19:38 AM  [main] 	Control Panel Ready
11:19:41 AM  [Apache] 	Attempting to start Apache app...
11:19:42 AM  [Apache] 	Status change detected: running
11:19:42 AM  [mysql] 	Attempting to start MySQL app...
11:19:43 AM  [mysql] 	Status change detected: running
4:33:15 PM  [main] 	Deinitializing Modules
4:33:16 PM  [main] 	Deinitializing Control Panel

8:14:50 AM  [main] 	Initializing Control Panel
8:14:50 AM  [main] 	Windows Version:  Home  64-bit
8:14:50 AM  [main] 	XAMPP Version: 5.6.35
8:14:50 AM  [main] 	Control Panel Version: 3.2.2  [ Compiled: Nov 12th 2015 ]
8:14:50 AM  [main] 	You are not running with administrator rights! This will work for
8:14:50 AM  [main] 	most application stuff but whenever you do something with services
8:14:50 AM  [main] 	there will be a security dialogue or things will break! So think 
8:14:50 AM  [main] 	about running this application with administrator rights!
8:14:50 AM  [main] 	XAMPP Installation Directory: "c:\xampp\"
8:14:50 AM  [main] 	Checking for prerequisites
8:15:02 AM  [main] 	All prerequisites found
8:15:02 AM  [main] 	Initializing Modules
8:15:03 AM  [main] 	Starting Check-Timer
8:15:03 AM  [main] 	Control Panel Ready
8:16:07 AM  [Apache] 	Attempting to start Apache app...
8:16:07 AM  [Apache] 	Status change detected: running
8:16:07 AM  [mysql] 	Attempting to start MySQL app...
8:16:10 AM  [mysql] 	Status change detected: running
11:28:06 AM  [main] 	Deinitializing Modules
11:28:06 AM  [main] 	Deinitializing Control Panel

9:27:02 PM  [main] 	Initializing Control Panel
9:27:02 PM  [main] 	Windows Version:  Home  64-bit
9:27:02 PM  [main] 	XAMPP Version: 5.6.35
9:27:02 PM  [main] 	Control Panel Version: 3.2.2  [ Compiled: Nov 12th 2015 ]
9:27:02 PM  [main] 	You are not running with administrator rights! This will work for
9:27:02 PM  [main] 	most application stuff but whenever you do something with services
9:27:02 PM  [main] 	there will be a security dialogue or things will break! So think 
9:27:02 PM  [main] 	about running this application with administrator rights!
9:27:02 PM  [main] 	XAMPP Installation Directory: "c:\xampp\"
9:27:02 PM  [main] 	Checking for prerequisites
9:27:39 PM  [main] 	All prerequisites found
9:27:39 PM  [main] 	Initializing Modules
9:27:40 PM  [main] 	Starting Check-Timer
9:27:40 PM  [main] 	Control Panel Ready
9:28:11 PM  [Apache] 	Attempting to start Apache app...
9:28:11 PM  [Apache] 	Status change detected: running
9:28:12 PM  [mysql] 	Attempting to start MySQL app...
9:28:12 PM  [mysql] 	Status change detected: running
11:19:24 PM  [main] 	Deinitializing Modules
11:19:24 PM  [main] 	Deinitializing Control Panel

2:47:33 PM  [main] 	Initializing Control Panel
2:47:33 PM  [main] 	Windows Version:  Enterprise  64-bit
2:47:33 PM  [main] 	XAMPP Version: 5.6.35
2:47:33 PM  [main] 	Control Panel Version: 3.2.2  [ Compiled: Nov 12th 2015 ]
2:47:33 PM  [main] 	You are not running with administrator rights! This will work for
2:47:33 PM  [main] 	most application stuff but whenever you do something with services
2:47:33 PM  [main] 	there will be a security dialogue or things will break! So think 
2:47:33 PM  [main] 	about running this application with administrator rights!
2:47:33 PM  [main] 	XAMPP Installation Directory: "c:\xampp\"
2:47:33 PM  [main] 	Checking for prerequisites
2:47:33 PM  [main] 	All prerequisites found
2:47:33 PM  [main] 	Initializing Modules
2:47:33 PM  [main] 	Starting Check-Timer
2:47:33 PM  [main] 	Control Panel Ready
2:47:36 PM  [Apache] 	Attempting to start Apache app...
2:47:36 PM  [Apache] 	Status change detected: running
2:47:37 PM  [mysql] 	Attempting to start MySQL app...
2:47:37 PM  [mysql] 	Status change detected: running
4:37:29 PM  [main] 	Deinitializing Modules
4:37:29 PM  [main] 	Deinitializing Control Panel

8:44:12 AM  [main] 	Initializing Control Panel
8:44:12 AM  [main] 	Windows Version:  Enterprise  64-bit
8:44:12 AM  [main] 	XAMPP Version: 5.6.35
8:44:12 AM  [main] 	Control Panel Version: 3.2.2  [ Compiled: Nov 12th 2015 ]
8:44:12 AM  [main] 	You are not running with administrator rights! This will work for
8:44:12 AM  [main] 	most application stuff but whenever you do something with services
8:44:12 AM  [main] 	there will be a security dialogue or things will break! So think 
8:44:12 AM  [main] 	about running this application with administrator rights!
8:44:12 AM  [main] 	XAMPP Installation Directory: "c:\xampp\"
8:44:12 AM  [main] 	Checking for prerequisites
8:44:13 AM  [main] 	All prerequisites found
8:44:13 AM  [main] 	Initializing Modules
8:44:13 AM  [main] 	Starting Check-Timer
8:44:13 AM  [main] 	Control Panel Ready
8:44:15 AM  [Apache] 	Attempting to start Apache app...
8:44:15 AM  [Apache] 	Status change detected: running
8:44:16 AM  [mysql] 	Attempting to start MySQL app...
8:44:17 AM  [mysql] 	Status change detected: running
5:01:49 PM  [main] 	Deinitializing Modules
5:01:49 PM  [main] 	Deinitializing Control Panel

8:16:07 AM  [main] 	Initializing Control Panel
8:16:07 AM  [main] 	Windows Version:  Enterprise  64-bit
8:16:07 AM  [main] 	XAMPP Version: 5.6.35
8:16:07 AM  [main] 	Control Panel Version: 3.2.2  [ Compiled: Nov 12th 2015 ]
8:16:07 AM  [main] 	You are not running with administrator rights! This will work for
8:16:07 AM  [main] 	most application stuff but whenever you do something with services
8:16:07 AM  [main] 	there will be a security dialogue or things will break! So think 
8:16:07 AM  [main] 	about running this application with administrator rights!
8:16:07 AM  [main] 	XAMPP Installation Directory: "c:\xampp\"
8:16:07 AM  [main] 	Checking for prerequisites
8:16:07 AM  [main] 	All prerequisites found
8:16:07 AM  [main] 	Initializing Modules
8:16:07 AM  [main] 	Starting Check-Timer
8:16:07 AM  [main] 	Control Panel Ready
8:16:12 AM  [Apache] 	Attempting to start Apache app...
8:16:12 AM  [Apache] 	Status change detected: running
8:16:21 AM  [mysql] 	Attempting to start MySQL app...
8:16:21 AM  [mysql] 	Status change detected: running
4:49:37 PM  [main] 	Deinitializing Modules
4:49:37 PM  [main] 	Deinitializing Control Panel

7:46:44 AM  [main] 	Initializing Control Panel
7:46:44 AM  [main] 	Windows Version:  Enterprise  64-bit
7:46:44 AM  [main] 	XAMPP Version: 5.6.35
7:46:44 AM  [main] 	Control Panel Version: 3.2.2  [ Compiled: Nov 12th 2015 ]
7:46:44 AM  [main] 	You are not running with administrator rights! This will work for
7:46:44 AM  [main] 	most application stuff but whenever you do something with services
7:46:44 AM  [main] 	there will be a security dialogue or things will break! So think 
7:46:44 AM  [main] 	about running this application with administrator rights!
7:46:44 AM  [main] 	XAMPP Installation Directory: "c:\xampp\"
7:46:44 AM  [main] 	Checking for prerequisites
7:46:45 AM  [main] 	All prerequisites found
7:46:45 AM  [main] 	Initializing Modules
7:46:45 AM  [main] 	Starting Check-Timer
7:46:45 AM  [main] 	Control Panel Ready
7:46:46 AM  [Apache] 	Attempting to start Apache app...
7:46:46 AM  [Apache] 	Status change detected: running
7:46:47 AM  [mysql] 	Attempting to start MySQL app...
7:46:47 AM  [mysql] 	Status change detected: running
4:37:49 PM  [main] 	Deinitializing Modules
4:37:49 PM  [main] 	Deinitializing Control Panel

10:52:11 AM  [main] 	Initializing Control Panel
10:52:11 AM  [main] 	Windows Version:  Enterprise  64-bit
10:52:11 AM  [main] 	XAMPP Version: 5.6.35
10:52:11 AM  [main] 	Control Panel Version: 3.2.2  [ Compiled: Nov 12th 2015 ]
10:52:11 AM  [main] 	You are not running with administrator rights! This will work for
10:52:11 AM  [main] 	most application stuff but whenever you do something with services
10:52:11 AM  [main] 	there will be a security dialogue or things will break! So think 
10:52:11 AM  [main] 	about running this application with administrator rights!
10:52:11 AM  [main] 	XAMPP Installation Directory: "c:\xampp\"
10:52:11 AM  [main] 	Checking for prerequisites
10:52:12 AM  [main] 	All prerequisites found
10:52:12 AM  [main] 	Initializing Modules
10:52:12 AM  [main] 	Starting Check-Timer
10:52:12 AM  [main] 	Control Panel Ready
10:52:15 AM  [Apache] 	Attempting to start Apache app...
10:52:16 AM  [Apache] 	Status change detected: running
10:52:16 AM  [mysql] 	Attempting to start MySQL app...
10:52:16 AM  [mysql] 	Status change detected: running
4:31:28 PM  [main] 	Deinitializing Modules
4:31:28 PM  [main] 	Deinitializing Control Panel

8:16:07 AM  [main] 	Initializing Control Panel
8:16:07 AM  [main] 	Windows Version:  Enterprise  64-bit
8:16:07 AM  [main] 	XAMPP Version: 5.6.35
8:16:07 AM  [main] 	Control Panel Version: 3.2.2  [ Compiled: Nov 12th 2015 ]
8:16:07 AM  [main] 	You are not running with administrator rights! This will work for
8:16:07 AM  [main] 	most application stuff but whenever you do something with services
8:16:07 AM  [main] 	there will be a security dialogue or things will break! So think 
8:16:07 AM  [main] 	about running this application with administrator rights!
8:16:07 AM  [main] 	XAMPP Installation Directory: "c:\xampp\"
8:16:07 AM  [main] 	Checking for prerequisites
8:16:07 AM  [main] 	All prerequisites found
8:16:07 AM  [main] 	Initializing Modules
8:16:07 AM  [main] 	Starting Check-Timer
8:16:07 AM  [main] 	Control Panel Ready
8:16:10 AM  [Apache] 	Attempting to start Apache app...
8:16:10 AM  [Apache] 	Status change detected: running
8:16:11 AM  [mysql] 	Attempting to start MySQL app...
8:16:11 AM  [mysql] 	Status change detected: running
4:32:56 PM  [main] 	Deinitializing Modules
4:32:56 PM  [main] 	Deinitializing Control Panel

11:08:48 AM  [main] 	Initializing Control Panel
11:08:48 AM  [main] 	Windows Version:  Enterprise  64-bit
11:08:48 AM  [main] 	XAMPP Version: 5.6.35
11:08:48 AM  [main] 	Control Panel Version: 3.2.2  [ Compiled: Nov 12th 2015 ]
11:08:48 AM  [main] 	You are not running with administrator rights! This will work for
11:08:48 AM  [main] 	most application stuff but whenever you do something with services
11:08:48 AM  [main] 	there will be a security dialogue or things will break! So think 
11:08:48 AM  [main] 	about running this application with administrator rights!
11:08:48 AM  [main] 	XAMPP Installation Directory: "c:\xampp\"
11:08:48 AM  [main] 	Checking for prerequisites
11:08:49 AM  [main] 	All prerequisites found
11:08:49 AM  [main] 	Initializing Modules
11:08:49 AM  [main] 	Starting Check-Timer
11:08:49 AM  [main] 	Control Panel Ready
11:08:50 AM  [Apache] 	Attempting to start Apache app...
11:08:51 AM  [Apache] 	Status change detected: running
11:08:57 AM  [mysql] 	Attempting to start MySQL app...
11:08:57 AM  [mysql] 	Status change detected: running
4:41:50 PM  [main] 	Deinitializing Modules
4:41:50 PM  [main] 	Deinitializing Control Panel

9:30:57 AM  [main] 	Initializing Control Panel
9:30:57 AM  [main] 	Windows Version:  Enterprise  64-bit
9:30:57 AM  [main] 	XAMPP Version: 5.6.35
9:30:57 AM  [main] 	Control Panel Version: 3.2.2  [ Compiled: Nov 12th 2015 ]
9:30:57 AM  [main] 	You are not running with administrator rights! This will work for
9:30:57 AM  [main] 	most application stuff but whenever you do something with services
9:30:57 AM  [main] 	there will be a security dialogue or things will break! So think 
9:30:57 AM  [main] 	about running this application with administrator rights!
9:30:57 AM  [main] 	XAMPP Installation Directory: "c:\xampp\"
9:30:57 AM  [main] 	Checking for prerequisites
9:30:57 AM  [main] 	All prerequisites found
9:30:57 AM  [main] 	Initializing Modules
9:30:57 AM  [main] 	Starting Check-Timer
9:30:57 AM  [main] 	Control Panel Ready
9:30:59 AM  [Apache] 	Attempting to start Apache app...
9:30:59 AM  [Apache] 	Status change detected: running
9:31:00 AM  [mysql] 	Attempting to start MySQL app...
9:31:00 AM  [mysql] 	Status change detected: running
4:34:21 PM  [main] 	Deinitializing Modules
4:34:21 PM  [main] 	Deinitializing Control Panel

8:20:59 AM  [main] 	Initializing Control Panel
8:20:59 AM  [main] 	Windows Version:  Enterprise  64-bit
8:20:59 AM  [main] 	XAMPP Version: 5.6.35
8:20:59 AM  [main] 	Control Panel Version: 3.2.2  [ Compiled: Nov 12th 2015 ]
8:20:59 AM  [main] 	You are not running with administrator rights! This will work for
8:20:59 AM  [main] 	most application stuff but whenever you do something with services
8:20:59 AM  [main] 	there will be a security dialogue or things will break! So think 
8:20:59 AM  [main] 	about running this application with administrator rights!
8:20:59 AM  [main] 	XAMPP Installation Directory: "c:\xampp\"
8:20:59 AM  [main] 	Checking for prerequisites
8:20:59 AM  [main] 	All prerequisites found
8:20:59 AM  [main] 	Initializing Modules
8:20:59 AM  [main] 	Starting Check-Timer
8:20:59 AM  [main] 	Control Panel Ready
8:21:01 AM  [Apache] 	Attempting to start Apache app...
8:21:02 AM  [Apache] 	Status change detected: running
8:21:02 AM  [mysql] 	Attempting to start MySQL app...
8:21:02 AM  [mysql] 	Status change detected: running
4:33:26 PM  [main] 	Deinitializing Modules
4:33:26 PM  [main] 	Deinitializing Control Panel

2:44:41 PM  [main] 	Initializing Control Panel
2:44:41 PM  [main] 	Windows Version:  Enterprise  64-bit
2:44:41 PM  [main] 	XAMPP Version: 5.6.35
2:44:41 PM  [main] 	Control Panel Version: 3.2.2  [ Compiled: Nov 12th 2015 ]
2:44:41 PM  [main] 	You are not running with administrator rights! This will work for
2:44:41 PM  [main] 	most application stuff but whenever you do something with services
2:44:41 PM  [main] 	there will be a security dialogue or things will break! So think 
2:44:41 PM  [main] 	about running this application with administrator rights!
2:44:41 PM  [main] 	XAMPP Installation Directory: "c:\xampp\"
2:44:41 PM  [main] 	Checking for prerequisites
2:44:42 PM  [main] 	All prerequisites found
2:44:42 PM  [main] 	Initializing Modules
2:44:42 PM  [main] 	Starting Check-Timer
2:44:42 PM  [main] 	Control Panel Ready
2:44:44 PM  [Apache] 	Attempting to start Apache app...
2:44:44 PM  [Apache] 	Status change detected: running
2:44:45 PM  [mysql] 	Attempting to start MySQL app...
2:44:45 PM  [mysql] 	Status change detected: running
4:39:55 PM  [main] 	Deinitializing Modules
4:39:55 PM  [main] 	Deinitializing Control Panel

8:22:45 AM  [main] 	Initializing Control Panel
8:22:45 AM  [main] 	Windows Version:  Enterprise  64-bit
8:22:45 AM  [main] 	XAMPP Version: 5.6.35
8:22:45 AM  [main] 	Control Panel Version: 3.2.2  [ Compiled: Nov 12th 2015 ]
8:22:45 AM  [main] 	You are not running with administrator rights! This will work for
8:22:45 AM  [main] 	most application stuff but whenever you do something with services
8:22:45 AM  [main] 	there will be a security dialogue or things will break! So think 
8:22:45 AM  [main] 	about running this application with administrator rights!
8:22:45 AM  [main] 	XAMPP Installation Directory: "c:\xampp\"
8:22:45 AM  [main] 	Checking for prerequisites
8:22:46 AM  [main] 	All prerequisites found
8:22:46 AM  [main] 	Initializing Modules
8:22:46 AM  [main] 	Starting Check-Timer
8:22:46 AM  [main] 	Control Panel Ready
8:22:47 AM  [Apache] 	Attempting to start Apache app...
8:22:47 AM  [Apache] 	Status change detected: running
8:22:48 AM  [mysql] 	Attempting to start MySQL app...
8:22:48 AM  [mysql] 	Status change detected: running
4:55:46 PM  [main] 	Deinitializing Modules
4:55:46 PM  [main] 	Deinitializing Control Panel

8:21:39 AM  [main] 	Initializing Control Panel
8:21:39 AM  [main] 	Windows Version:  Enterprise  64-bit
8:21:39 AM  [main] 	XAMPP Version: 5.6.35
8:21:39 AM  [main] 	Control Panel Version: 3.2.2  [ Compiled: Nov 12th 2015 ]
8:21:39 AM  [main] 	You are not running with administrator rights! This will work for
8:21:39 AM  [main] 	most application stuff but whenever you do something with services
8:21:39 AM  [main] 	there will be a security dialogue or things will break! So think 
8:21:39 AM  [main] 	about running this application with administrator rights!
8:21:39 AM  [main] 	XAMPP Installation Directory: "c:\xampp\"
8:21:39 AM  [main] 	Checking for prerequisites
8:21:40 AM  [main] 	All prerequisites found
8:21:40 AM  [main] 	Initializing Modules
8:21:40 AM  [main] 	Starting Check-Timer
8:21:40 AM  [main] 	Control Panel Ready
8:21:43 AM  [Apache] 	Attempting to start Apache app...
8:21:43 AM  [Apache] 	Status change detected: running
8:21:43 AM  [mysql] 	Attempting to start MySQL app...
8:21:44 AM  [mysql] 	Status change detected: running
4:41:22 PM  [main] 	Deinitializing Modules
4:41:22 PM  [main] 	Deinitializing Control Panel

2:17:33 PM  [main] 	Initializing Control Panel
2:17:33 PM  [main] 	Windows Version:  Enterprise  64-bit
2:17:33 PM  [main] 	XAMPP Version: 5.6.35
2:17:33 PM  [main] 	Control Panel Version: 3.2.2  [ Compiled: Nov 12th 2015 ]
2:17:33 PM  [main] 	You are not running with administrator rights! This will work for
2:17:33 PM  [main] 	most application stuff but whenever you do something with services
2:17:33 PM  [main] 	there will be a security dialogue or things will break! So think 
2:17:33 PM  [main] 	about running this application with administrator rights!
2:17:33 PM  [main] 	XAMPP Installation Directory: "c:\xampp\"
2:17:33 PM  [main] 	Checking for prerequisites
2:17:35 PM  [main] 	All prerequisites found
2:17:35 PM  [main] 	Initializing Modules
2:17:35 PM  [main] 	Starting Check-Timer
2:17:35 PM  [main] 	Control Panel Ready
2:21:08 PM  [Apache] 	Attempting to start Apache app...
2:21:08 PM  [Apache] 	Status change detected: running
2:21:08 PM  [mysql] 	Attempting to start MySQL app...
2:21:09 PM  [mysql] 	Status change detected: running
4:36:39 PM  [main] 	Deinitializing Modules
4:36:39 PM  [main] 	Deinitializing Control Panel

11:11:03 AM  [main] 	Initializing Control Panel
11:11:03 AM  [main] 	Windows Version:  Enterprise  64-bit
11:11:03 AM  [main] 	XAMPP Version: 5.6.35
11:11:03 AM  [main] 	Control Panel Version: 3.2.2  [ Compiled: Nov 12th 2015 ]
11:11:03 AM  [main] 	You are not running with administrator rights! This will work for
11:11:03 AM  [main] 	most application stuff but whenever you do something with services
11:11:03 AM  [main] 	there will be a security dialogue or things will break! So think 
11:11:03 AM  [main] 	about running this application with administrator rights!
11:11:03 AM  [main] 	XAMPP Installation Directory: "c:\xampp\"
11:11:03 AM  [main] 	Checking for prerequisites
11:11:04 AM  [main] 	All prerequisites found
11:11:04 AM  [main] 	Initializing Modules
11:11:04 AM  [main] 	Starting Check-Timer
11:11:04 AM  [main] 	Control Panel Ready
11:11:06 AM  [Apache] 	Attempting to start Apache app...
11:11:06 AM  [Apache] 	Status change detected: running
11:11:06 AM  [mysql] 	Attempting to start MySQL app...
11:11:06 AM  [mysql] 	Status change detected: running
4:36:47 PM  [main] 	Deinitializing Modules
4:36:47 PM  [main] 	Deinitializing Control Panel

9:18:21 AM  [main] 	Initializing Control Panel
9:18:21 AM  [main] 	Windows Version:  Enterprise  64-bit
9:18:21 AM  [main] 	XAMPP Version: 5.6.35
9:18:21 AM  [main] 	Control Panel Version: 3.2.2  [ Compiled: Nov 12th 2015 ]
9:18:21 AM  [main] 	You are not running with administrator rights! This will work for
9:18:21 AM  [main] 	most application stuff but whenever you do something with services
9:18:21 AM  [main] 	there will be a security dialogue or things will break! So think 
9:18:21 AM  [main] 	about running this application with administrator rights!
9:18:21 AM  [main] 	XAMPP Installation Directory: "c:\xampp\"
9:18:21 AM  [main] 	Checking for prerequisites
9:18:22 AM  [main] 	All prerequisites found
9:18:22 AM  [main] 	Initializing Modules
9:18:22 AM  [main] 	Starting Check-Timer
9:18:22 AM  [main] 	Control Panel Ready
9:18:24 AM  [Apache] 	Attempting to start Apache app...
9:18:24 AM  [Apache] 	Status change detected: running
9:18:24 AM  [mysql] 	Attempting to start MySQL app...
9:18:25 AM  [mysql] 	Status change detected: running
4:36:35 PM  [main] 	Deinitializing Modules
4:36:35 PM  [main] 	Deinitializing Control Panel

8:33:38 AM  [main] 	Initializing Control Panel
8:33:38 AM  [main] 	Windows Version:  Enterprise  64-bit
8:33:38 AM  [main] 	XAMPP Version: 5.6.35
8:33:38 AM  [main] 	Control Panel Version: 3.2.2  [ Compiled: Nov 12th 2015 ]
8:33:38 AM  [main] 	You are not running with administrator rights! This will work for
8:33:38 AM  [main] 	most application stuff but whenever you do something with services
8:33:38 AM  [main] 	there will be a security dialogue or things will break! So think 
8:33:38 AM  [main] 	about running this application with administrator rights!
8:33:38 AM  [main] 	XAMPP Installation Directory: "c:\xampp\"
8:33:38 AM  [main] 	Checking for prerequisites
8:33:39 AM  [main] 	All prerequisites found
8:33:39 AM  [main] 	Initializing Modules
8:33:39 AM  [main] 	Starting Check-Timer
8:33:39 AM  [main] 	Control Panel Ready
8:39:15 AM  [Apache] 	Attempting to start Apache app...
8:39:16 AM  [Apache] 	Status change detected: running
8:39:16 AM  [mysql] 	Attempting to start MySQL app...
8:39:16 AM  [mysql] 	Status change detected: running
4:34:30 PM  [main] 	Deinitializing Modules
4:34:30 PM  [main] 	Deinitializing Control Panel

9:12:35 AM  [main] 	Initializing Control Panel
9:12:35 AM  [main] 	Windows Version:  Enterprise  64-bit
9:12:35 AM  [main] 	XAMPP Version: 5.6.35
9:12:35 AM  [main] 	Control Panel Version: 3.2.2  [ Compiled: Nov 12th 2015 ]
9:12:35 AM  [main] 	You are not running with administrator rights! This will work for
9:12:35 AM  [main] 	most application stuff but whenever you do something with services
9:12:35 AM  [main] 	there will be a security dialogue or things will break! So think 
9:12:35 AM  [main] 	about running this application with administrator rights!
9:12:35 AM  [main] 	XAMPP Installation Directory: "c:\xampp\"
9:12:35 AM  [main] 	Checking for prerequisites
9:12:36 AM  [main] 	All prerequisites found
9:12:36 AM  [main] 	Initializing Modules
9:12:36 AM  [main] 	Starting Check-Timer
9:12:36 AM  [main] 	Control Panel Ready
9:12:37 AM  [Apache] 	Attempting to start Apache app...
9:12:37 AM  [Apache] 	Status change detected: running
9:12:38 AM  [mysql] 	Attempting to start MySQL app...
9:12:38 AM  [mysql] 	Status change detected: running
4:38:43 PM  [mysql] 	Status change detected: stopped
4:38:43 PM  [mysql] 	Error: MySQL shutdown unexpectedly.
4:38:43 PM  [mysql] 	This may be due to a blocked port, missing dependencies, 
4:38:43 PM  [mysql] 	improper privileges, a crash, or a shutdown by another method.
4:38:43 PM  [mysql] 	Press the Logs button to view error logs and check
4:38:43 PM  [mysql] 	the Windows Event Viewer for more clues
4:38:43 PM  [mysql] 	If you need more help, copy and post this
4:38:43 PM  [mysql] 	entire log window on the forums
4:38:44 PM  [main] 	Deinitializing Modules
4:38:44 PM  [main] 	Deinitializing Control Panel

8:55:20 AM  [main] 	Initializing Control Panel
8:55:20 AM  [main] 	Windows Version:  Enterprise  64-bit
8:55:20 AM  [main] 	XAMPP Version: 5.6.35
8:55:20 AM  [main] 	Control Panel Version: 3.2.2  [ Compiled: Nov 12th 2015 ]
8:55:20 AM  [main] 	You are not running with administrator rights! This will work for
8:55:20 AM  [main] 	most application stuff but whenever you do something with services
8:55:20 AM  [main] 	there will be a security dialogue or things will break! So think 
8:55:20 AM  [main] 	about running this application with administrator rights!
8:55:20 AM  [main] 	XAMPP Installation Directory: "c:\xampp\"
8:55:20 AM  [main] 	Checking for prerequisites
8:55:21 AM  [main] 	All prerequisites found
8:55:21 AM  [main] 	Initializing Modules
8:55:21 AM  [main] 	Starting Check-Timer
8:55:21 AM  [main] 	Control Panel Ready
8:55:23 AM  [Apache] 	Attempting to start Apache app...
8:55:23 AM  [Apache] 	Status change detected: running
8:55:24 AM  [mysql] 	Attempting to start MySQL app...
8:55:24 AM  [mysql] 	Status change detected: running
4:33:36 PM  [main] 	Deinitializing Modules
4:33:36 PM  [main] 	Deinitializing Control Panel

9:09:04 AM  [main] 	Initializing Control Panel
9:09:04 AM  [main] 	Windows Version:  Enterprise  64-bit
9:09:04 AM  [main] 	XAMPP Version: 5.6.35
9:09:04 AM  [main] 	Control Panel Version: 3.2.2  [ Compiled: Nov 12th 2015 ]
9:09:04 AM  [main] 	You are not running with administrator rights! This will work for
9:09:04 AM  [main] 	most application stuff but whenever you do something with services
9:09:04 AM  [main] 	there will be a security dialogue or things will break! So think 
9:09:04 AM  [main] 	about running this application with administrator rights!
9:09:04 AM  [main] 	XAMPP Installation Directory: "c:\xampp\"
9:09:04 AM  [main] 	Checking for prerequisites
9:09:05 AM  [main] 	All prerequisites found
9:09:05 AM  [main] 	Initializing Modules
9:09:05 AM  [main] 	Starting Check-Timer
9:09:05 AM  [main] 	Control Panel Ready
9:09:07 AM  [Apache] 	Attempting to start Apache app...
9:09:07 AM  [Apache] 	Status change detected: running
9:09:07 AM  [mysql] 	Attempting to start MySQL app...
9:09:07 AM  [mysql] 	Status change detected: running
4:33:27 PM  [main] 	Deinitializing Modules
4:33:27 PM  [main] 	Deinitializing Control Panel

1:27:37 PM  [main] 	Initializing Control Panel
1:27:37 PM  [main] 	Windows Version:  Enterprise  64-bit
1:27:37 PM  [main] 	XAMPP Version: 5.6.35
1:27:37 PM  [main] 	Control Panel Version: 3.2.2  [ Compiled: Nov 12th 2015 ]
1:27:37 PM  [main] 	You are not running with administrator rights! This will work for
1:27:37 PM  [main] 	most application stuff but whenever you do something with services
1:27:37 PM  [main] 	there will be a security dialogue or things will break! So think 
1:27:37 PM  [main] 	about running this application with administrator rights!
1:27:37 PM  [main] 	XAMPP Installation Directory: "c:\xampp\"
1:27:37 PM  [main] 	Checking for prerequisites
1:27:37 PM  [main] 	All prerequisites found
1:27:37 PM  [main] 	Initializing Modules
1:27:37 PM  [main] 	Starting Check-Timer
1:27:37 PM  [main] 	Control Panel Ready
1:27:40 PM  [Apache] 	Attempting to start Apache app...
1:27:40 PM  [Apache] 	Status change detected: running
1:27:40 PM  [mysql] 	Attempting to start MySQL app...
1:27:41 PM  [mysql] 	Status change detected: running
4:33:17 PM  [main] 	Deinitializing Modules
4:33:17 PM  [main] 	Deinitializing Control Panel

1:50:42 PM  [main] 	Initializing Control Panel
1:50:42 PM  [main] 	Windows Version:  Enterprise  64-bit
1:50:42 PM  [main] 	XAMPP Version: 5.6.35
1:50:42 PM  [main] 	Control Panel Version: 3.2.2  [ Compiled: Nov 12th 2015 ]
1:50:42 PM  [main] 	You are not running with administrator rights! This will work for
1:50:42 PM  [main] 	most application stuff but whenever you do something with services
1:50:42 PM  [main] 	there will be a security dialogue or things will break! So think 
1:50:42 PM  [main] 	about running this application with administrator rights!
1:50:42 PM  [main] 	XAMPP Installation Directory: "c:\xampp\"
1:50:42 PM  [main] 	Checking for prerequisites
1:50:43 PM  [main] 	All prerequisites found
1:50:43 PM  [main] 	Initializing Modules
1:50:43 PM  [main] 	Starting Check-Timer
1:50:43 PM  [main] 	Control Panel Ready
1:50:46 PM  [Apache] 	Attempting to start Apache app...
1:50:46 PM  [Apache] 	Status change detected: running
1:50:46 PM  [mysql] 	Attempting to start MySQL app...
1:50:46 PM  [mysql] 	Status change detected: running
4:38:25 PM  [main] 	Deinitializing Modules
4:38:25 PM  [main] 	Deinitializing Control Panel

11:39:39 AM  [main] 	Initializing Control Panel
11:39:39 AM  [main] 	Windows Version:  Enterprise  64-bit
11:39:39 AM  [main] 	XAMPP Version: 5.6.35
11:39:39 AM  [main] 	Control Panel Version: 3.2.2  [ Compiled: Nov 12th 2015 ]
11:39:39 AM  [main] 	You are not running with administrator rights! This will work for
11:39:39 AM  [main] 	most application stuff but whenever you do something with services
11:39:39 AM  [main] 	there will be a security dialogue or things will break! So think 
11:39:39 AM  [main] 	about running this application with administrator rights!
11:39:39 AM  [main] 	XAMPP Installation Directory: "c:\xampp\"
11:39:39 AM  [main] 	Checking for prerequisites
11:39:39 AM  [main] 	All prerequisites found
11:39:39 AM  [main] 	Initializing Modules
11:39:39 AM  [main] 	Starting Check-Timer
11:39:39 AM  [main] 	Control Panel Ready
11:39:45 AM  [Apache] 	Attempting to start Apache app...
11:39:45 AM  [Apache] 	Status change detected: running
11:39:45 AM  [mysql] 	Attempting to start MySQL app...
11:39:45 AM  [mysql] 	Status change detected: running
4:36:40 PM  [main] 	Deinitializing Modules
4:36:40 PM  [main] 	Deinitializing Control Panel

10:32:03 AM  [main] 	Initializing Control Panel
10:32:03 AM  [main] 	Windows Version:  Enterprise  64-bit
10:32:03 AM  [main] 	XAMPP Version: 5.6.35
10:32:03 AM  [main] 	Control Panel Version: 3.2.2  [ Compiled: Nov 12th 2015 ]
10:32:03 AM  [main] 	You are not running with administrator rights! This will work for
10:32:03 AM  [main] 	most application stuff but whenever you do something with services
10:32:03 AM  [main] 	there will be a security dialogue or things will break! So think 
10:32:03 AM  [main] 	about running this application with administrator rights!
10:32:03 AM  [main] 	XAMPP Installation Directory: "c:\xampp\"
10:32:03 AM  [main] 	Checking for prerequisites
10:32:03 AM  [main] 	All prerequisites found
10:32:03 AM  [main] 	Initializing Modules
10:32:03 AM  [main] 	Starting Check-Timer
10:32:03 AM  [main] 	Control Panel Ready
10:32:07 AM  [Apache] 	Attempting to start Apache app...
10:32:07 AM  [Apache] 	Status change detected: running
10:32:09 AM  [mysql] 	Attempting to start MySQL app...
10:32:09 AM  [mysql] 	Status change detected: running
4:05:33 PM  [main] 	Deinitializing Modules
4:05:33 PM  [main] 	Deinitializing Control Panel

4:18:13 PM  [main] 	Initializing Control Panel
4:18:13 PM  [main] 	Windows Version:  Enterprise  64-bit
4:18:13 PM  [main] 	XAMPP Version: 5.6.35
4:18:13 PM  [main] 	Control Panel Version: 3.2.2  [ Compiled: Nov 12th 2015 ]
4:18:13 PM  [main] 	You are not running with administrator rights! This will work for
4:18:13 PM  [main] 	most application stuff but whenever you do something with services
4:18:13 PM  [main] 	there will be a security dialogue or things will break! So think 
4:18:13 PM  [main] 	about running this application with administrator rights!
4:18:13 PM  [main] 	XAMPP Installation Directory: "c:\xampp\"
4:18:13 PM  [main] 	Checking for prerequisites
4:18:14 PM  [main] 	All prerequisites found
4:18:14 PM  [main] 	Initializing Modules
4:18:14 PM  [main] 	Starting Check-Timer
4:18:14 PM  [main] 	Control Panel Ready
4:18:15 PM  [Apache] 	Attempting to start Apache app...
4:18:16 PM  [Apache] 	Status change detected: running
4:18:16 PM  [mysql] 	Attempting to start MySQL app...
4:18:16 PM  [mysql] 	Status change detected: running
4:31:17 PM  [main] 	Deinitializing Modules
4:31:17 PM  [main] 	Deinitializing Control Panel

11:09:53 AM  [main] 	Initializing Control Panel
11:09:53 AM  [main] 	Windows Version:  Enterprise  64-bit
11:09:53 AM  [main] 	XAMPP Version: 5.6.35
11:09:53 AM  [main] 	Control Panel Version: 3.2.2  [ Compiled: Nov 12th 2015 ]
11:09:53 AM  [main] 	You are not running with administrator rights! This will work for
11:09:53 AM  [main] 	most application stuff but whenever you do something with services
11:09:53 AM  [main] 	there will be a security dialogue or things will break! So think 
11:09:53 AM  [main] 	about running this application with administrator rights!
11:09:53 AM  [main] 	XAMPP Installation Directory: "c:\xampp\"
11:09:53 AM  [main] 	Checking for prerequisites
11:09:53 AM  [main] 	All prerequisites found
11:09:53 AM  [main] 	Initializing Modules
11:09:53 AM  [main] 	Starting Check-Timer
11:09:53 AM  [main] 	Control Panel Ready
11:09:55 AM  [Apache] 	Attempting to start Apache app...
11:09:55 AM  [Apache] 	Status change detected: running
11:09:56 AM  [mysql] 	Attempting to start MySQL app...
11:09:58 AM  [mysql] 	Status change detected: running
4:38:15 PM  [main] 	Deinitializing Modules
4:38:15 PM  [main] 	Deinitializing Control Panel

10:47:08 AM  [main] 	Initializing Control Panel
10:47:08 AM  [main] 	Windows Version:  Enterprise  64-bit
10:47:08 AM  [main] 	XAMPP Version: 5.6.35
10:47:08 AM  [main] 	Control Panel Version: 3.2.2  [ Compiled: Nov 12th 2015 ]
10:47:08 AM  [main] 	You are not running with administrator rights! This will work for
10:47:08 AM  [main] 	most application stuff but whenever you do something with services
10:47:08 AM  [main] 	there will be a security dialogue or things will break! So think 
10:47:08 AM  [main] 	about running this application with administrator rights!
10:47:08 AM  [main] 	XAMPP Installation Directory: "c:\xampp\"
10:47:08 AM  [main] 	Checking for prerequisites
10:47:09 AM  [main] 	All prerequisites found
10:47:09 AM  [main] 	Initializing Modules
10:47:09 AM  [main] 	Starting Check-Timer
10:47:09 AM  [main] 	Control Panel Ready
10:47:10 AM  [Apache] 	Attempting to start Apache app...
10:47:10 AM  [Apache] 	Status change detected: running
10:47:11 AM  [mysql] 	Attempting to start MySQL app...
10:47:13 AM  [mysql] 	Status change detected: running
4:55:50 PM  [main] 	Deinitializing Modules
4:55:50 PM  [main] 	Deinitializing Control Panel

8:30:36 AM  [main] 	Initializing Control Panel
8:30:36 AM  [main] 	Windows Version:  Enterprise  64-bit
8:30:36 AM  [main] 	XAMPP Version: 5.6.35
8:30:36 AM  [main] 	Control Panel Version: 3.2.2  [ Compiled: Nov 12th 2015 ]
8:30:36 AM  [main] 	You are not running with administrator rights! This will work for
8:30:36 AM  [main] 	most application stuff but whenever you do something with services
8:30:36 AM  [main] 	there will be a security dialogue or things will break! So think 
8:30:36 AM  [main] 	about running this application with administrator rights!
8:30:36 AM  [main] 	XAMPP Installation Directory: "c:\xampp\"
8:30:36 AM  [main] 	Checking for prerequisites
8:30:37 AM  [main] 	All prerequisites found
8:30:37 AM  [main] 	Initializing Modules
8:30:37 AM  [main] 	Starting Check-Timer
8:30:37 AM  [main] 	Control Panel Ready
8:30:39 AM  [Apache] 	Attempting to start Apache app...
8:30:39 AM  [Apache] 	Status change detected: running
8:30:39 AM  [mysql] 	Attempting to start MySQL app...
8:30:41 AM  [mysql] 	Status change detected: running
4:35:12 PM  [main] 	Deinitializing Modules
4:35:12 PM  [main] 	Deinitializing Control Panel

9:04:12 AM  [main] 	Initializing Control Panel
9:04:12 AM  [main] 	Windows Version:  Enterprise  64-bit
9:04:12 AM  [main] 	XAMPP Version: 5.6.35
9:04:12 AM  [main] 	Control Panel Version: 3.2.2  [ Compiled: Nov 12th 2015 ]
9:04:12 AM  [main] 	You are not running with administrator rights! This will work for
9:04:12 AM  [main] 	most application stuff but whenever you do something with services
9:04:12 AM  [main] 	there will be a security dialogue or things will break! So think 
9:04:12 AM  [main] 	about running this application with administrator rights!
9:04:12 AM  [main] 	XAMPP Installation Directory: "c:\xampp\"
9:04:12 AM  [main] 	Checking for prerequisites
9:04:13 AM  [main] 	All prerequisites found
9:04:13 AM  [main] 	Initializing Modules
9:04:13 AM  [main] 	Starting Check-Timer
9:04:13 AM  [main] 	Control Panel Ready
9:04:14 AM  [Apache] 	Attempting to start Apache app...
9:04:15 AM  [Apache] 	Status change detected: running
9:04:15 AM  [mysql] 	Attempting to start MySQL app...
9:04:18 AM  [mysql] 	Status change detected: running
3:13:01 PM  [mysql] 	Attempting to stop MySQL app...
3:13:01 PM  [Apache] 	Attempting to stop Apache (PID: 6016)
3:13:01 PM  [Apache] 	Attempting to stop Apache (PID: 10000)
3:13:01 PM  [Apache] 	Status change detected: stopped
3:13:02 PM  [mysql] 	Status change detected: stopped
3:13:02 PM  [mysql] 	Attempting to start MySQL app...
3:13:03 PM  [mysql] 	Status change detected: running
3:13:03 PM  [Apache] 	Attempting to start Apache app...
3:13:03 PM  [Apache] 	Status change detected: running
4:31:51 PM  [main] 	Deinitializing Modules
4:31:51 PM  [main] 	Deinitializing Control Panel

8:53:26 AM  [main] 	Initializing Control Panel
8:53:26 AM  [main] 	Windows Version:  Enterprise  64-bit
8:53:26 AM  [main] 	XAMPP Version: 5.6.35
8:53:26 AM  [main] 	Control Panel Version: 3.2.2  [ Compiled: Nov 12th 2015 ]
8:53:26 AM  [main] 	You are not running with administrator rights! This will work for
8:53:26 AM  [main] 	most application stuff but whenever you do something with services
8:53:26 AM  [main] 	there will be a security dialogue or things will break! So think 
8:53:26 AM  [main] 	about running this application with administrator rights!
8:53:26 AM  [main] 	XAMPP Installation Directory: "c:\xampp\"
8:53:26 AM  [main] 	Checking for prerequisites
8:53:27 AM  [main] 	All prerequisites found
8:53:27 AM  [main] 	Initializing Modules
8:53:27 AM  [main] 	Starting Check-Timer
8:53:27 AM  [main] 	Control Panel Ready
8:53:29 AM  [Apache] 	Attempting to start Apache app...
8:53:29 AM  [Apache] 	Status change detected: running
8:53:29 AM  [mysql] 	Attempting to start MySQL app...
8:53:30 AM  [mysql] 	Status change detected: running
4:29:56 PM  [main] 	Deinitializing Modules
4:29:57 PM  [main] 	Deinitializing Control Panel

3:25:25 PM  [main] 	Initializing Control Panel
3:25:25 PM  [main] 	Windows Version:  Enterprise  64-bit
3:25:25 PM  [main] 	XAMPP Version: 5.6.35
3:25:25 PM  [main] 	Control Panel Version: 3.2.2  [ Compiled: Nov 12th 2015 ]
3:25:25 PM  [main] 	You are not running with administrator rights! This will work for
3:25:25 PM  [main] 	most application stuff but whenever you do something with services
3:25:25 PM  [main] 	there will be a security dialogue or things will break! So think 
3:25:25 PM  [main] 	about running this application with administrator rights!
3:25:25 PM  [main] 	XAMPP Installation Directory: "c:\xampp\"
3:25:25 PM  [main] 	Checking for prerequisites
3:25:26 PM  [main] 	All prerequisites found
3:25:26 PM  [main] 	Initializing Modules
3:25:26 PM  [main] 	Starting Check-Timer
3:25:26 PM  [main] 	Control Panel Ready
3:25:27 PM  [Apache] 	Attempting to start Apache app...
3:25:27 PM  [Apache] 	Status change detected: running
3:25:28 PM  [mysql] 	Attempting to start MySQL app...
3:25:28 PM  [mysql] 	Status change detected: running
4:31:20 PM  [main] 	Deinitializing Modules
4:31:20 PM  [main] 	Deinitializing Control Panel

                                                                                                                                                                                                                                                                                                                                                                                                                                                                                                                                                                                                                                                                                                                                                                                                                                                                                                                                                                                                                                                                                                                                                                                                                                                                                                                                                                                                                                                                                                                                                                                                                                                                                                                                                                                                                                                                                                                                                                                                                                                                                                                                                                                                                                                                                                                                                                                                                         8:31:48 AM  [main] 	Initializing Control Panel
8:31:48 AM  [main] 	Windows Version:  Enterprise  64-bit
8:31:48 AM  [main] 	XAMPP Version: 5.6.35
8:31:48 AM  [main] 	Control Panel Version: 3.2.2  [ Compiled: Nov 12th 2015 ]
8:31:48 AM  [main] 	You are not running with administrator rights! This will work for
8:31:48 AM  [main] 	most application stuff but whenever you do something with services
8:31:48 AM  [main] 	there will be a security dialogue or things will break! So think 
8:31:48 AM  [main] 	about running this application with administrator rights!
8:31:48 AM  [main] 	XAMPP Installation Directory: "c:\xampp\"
8:31:48 AM  [main] 	Checking for prerequisites
8:31:49 AM  [main] 	All prerequisites found
8:31:49 AM  [main] 	Initializing Modules
8:31:49 AM  [main] 	Starting Check-Timer
8:31:49 AM  [main] 	Control Panel Ready
8:31:51 AM  [Apache] 	Attempting to start Apache app...
8:31:51 AM  [Apache] 	Status change detected: running
8:31:51 AM  [mysql] 	Attempting to start MySQL app...
8:31:51 AM  [mysql] 	Status change detected: running
4:34:26 PM  [main] 	Deinitializing Modules
4:34:26 PM  [main] 	Deinitializing Control Panel

9:14:08 AM  [main] 	Initializing Control Panel
9:14:08 AM  [main] 	Windows Version:  Enterprise  64-bit
9:14:08 AM  [main] 	XAMPP Version: 5.6.35
9:14:08 AM  [main] 	Control Panel Version: 3.2.2  [ Compiled: Nov 12th 2015 ]
9:14:08 AM  [main] 	You are not running with administrator rights! This will work for
9:14:08 AM  [main] 	most application stuff but whenever you do something with services
9:14:08 AM  [main] 	there will be a security dialogue or things will break! So think 
9:14:08 AM  [main] 	about running this application with administrator rights!
9:14:08 AM  [main] 	XAMPP Installation Directory: "c:\xampp\"
9:14:08 AM  [main] 	Checking for prerequisites
9:14:08 AM  [main] 	All prerequisites found
9:14:08 AM  [main] 	Initializing Modules
9:14:09 AM  [main] 	Starting Check-Timer
9:14:09 AM  [main] 	Control Panel Ready
9:14:19 AM  [Apache] 	Attempting to start Apache app...
9:14:20 AM  [Apache] 	Status change detected: running
9:14:20 AM  [mysql] 	Attempting to start MySQL app...
9:14:20 AM  [mysql] 	Status change detected: running
4:31:36 PM  [main] 	Deinitializing Modules
4:31:36 PM  [main] 	Deinitializing Control Panel

8:29:42 AM  [main] 	Initializing Control Panel
8:29:42 AM  [main] 	Windows Version:  Enterprise  64-bit
8:29:42 AM  [main] 	XAMPP Version: 5.6.35
8:29:42 AM  [main] 	Control Panel Version: 3.2.2  [ Compiled: Nov 12th 2015 ]
8:29:42 AM  [main] 	You are not running with administrator rights! This will work for
8:29:42 AM  [main] 	most application stuff but whenever you do something with services
8:29:42 AM  [main] 	there will be a security dialogue or things will break! So think 
8:29:42 AM  [main] 	about running this application with administrator rights!
8:29:42 AM  [main] 	XAMPP Installation Directory: "c:\xampp\"
8:29:42 AM  [main] 	Checking for prerequisites
8:29:43 AM  [main] 	All prerequisites found
8:29:43 AM  [main] 	Initializing Modules
8:29:43 AM  [main] 	Starting Check-Timer
8:29:43 AM  [main] 	Control Panel Ready
8:29:44 AM  [Apache] 	Attempting to start Apache app...
8:29:45 AM  [Apache] 	Status change detected: running
8:29:45 AM  [mysql] 	Attempting to start MySQL app...
8:29:45 AM  [mysql] 	Status change detected: running
4:33:42 PM  [main] 	Deinitializing Modules
4:33:42 PM  [main] 	Deinitializing Control Panel

9:40:57 AM  [main] 	Initializing Control Panel
9:40:57 AM  [main] 	Windows Version:  Enterprise  64-bit
9:40:57 AM  [main] 	XAMPP Version: 5.6.35
9:40:57 AM  [main] 	Control Panel Version: 3.2.2  [ Compiled: Nov 12th 2015 ]
9:40:57 AM  [main] 	You are not running with administrator rights! This will work for
9:40:57 AM  [main] 	most application stuff but whenever you do something with services
9:40:57 AM  [main] 	there will be a security dialogue or things will break! So think 
9:40:57 AM  [main] 	about running this application with administrator rights!
9:40:57 AM  [main] 	XAMPP Installation Directory: "c:\xampp\"
9:40:57 AM  [main] 	Checking for prerequisites
9:40:57 AM  [main] 	All prerequisites found
9:40:57 AM  [main] 	Initializing Modules
9:40:57 AM  [main] 	Starting Check-Timer
9:40:57 AM  [main] 	Control Panel Ready
9:41:00 AM  [Apache] 	Attempting to start Apache app...
9:41:00 AM  [Apache] 	Status change detected: running
9:41:01 AM  [mysql] 	Attempting to start MySQL app...
9:41:01 AM  [mysql] 	Status change detected: running
4:39:06 PM  [main] 	Deinitializing Modules
4:39:06 PM  [main] 	Deinitializing Control Panel

8:43:38 AM  [main] 	Initializing Control Panel
8:43:38 AM  [main] 	Windows Version:  Enterprise  64-bit
8:43:38 AM  [main] 	XAMPP Version: 5.6.35
8:43:38 AM  [main] 	Control Panel Version: 3.2.2  [ Compiled: Nov 12th 2015 ]
8:43:38 AM  [main] 	You are not running with administrator rights! This will work for
8:43:38 AM  [main] 	most application stuff but whenever you do something with services
8:43:38 AM  [main] 	there will be a security dialogue or things will break! So think 
8:43:38 AM  [main] 	about running this application with administrator rights!
8:43:38 AM  [main] 	XAMPP Installation Directory: "c:\xampp\"
8:43:38 AM  [main] 	Checking for prerequisites
8:43:38 AM  [main] 	All prerequisites found
8:43:38 AM  [main] 	Initializing Modules
8:43:38 AM  [main] 	Starting Check-Timer
8:43:38 AM  [main] 	Control Panel Ready
8:43:45 AM  [Apache] 	Attempting to start Apache app...
8:43:45 AM  [Apache] 	Status change detected: running
8:43:45 AM  [mysql] 	Attempting to start MySQL app...
8:43:46 AM  [mysql] 	Status change detected: running
9:34:12 AM  [main] 	Deinitializing Modules
9:34:12 AM  [main] 	Deinitializing Control Panel

9:40:31 AM  [main] 	Initializing Control Panel
9:40:31 AM  [main] 	Windows Version:  Enterprise  64-bit
9:40:31 AM  [main] 	XAMPP Version: 5.6.35
9:40:31 AM  [main] 	Control Panel Version: 3.2.2  [ Compiled: Nov 12th 2015 ]
9:40:31 AM  [main] 	You are not running with administrator rights! This will work for
9:40:31 AM  [main] 	most application stuff but whenever you do something with services
9:40:31 AM  [main] 	there will be a security dialogue or things will break! So think 
9:40:31 AM  [main] 	about running this application with administrator rights!
9:40:31 AM  [main] 	XAMPP Installation Directory: "c:\xampp\"
9:40:31 AM  [main] 	Checking for prerequisites
9:40:32 AM  [main] 	All prerequisites found
9:40:32 AM  [main] 	Initializing Modules
9:40:32 AM  [main] 	Starting Check-Timer
9:40:32 AM  [main] 	Control Panel Ready
9:40:34 AM  [Apache] 	Attempting to start Apache app...
9:40:34 AM  [Apache] 	Status change detected: running
9:40:35 AM  [mysql] 	Attempting to start MySQL app...
9:40:36 AM  [mysql] 	Status change detected: running
4:33:34 PM  [main] 	Deinitializing Modules
4:33:34 PM  [main] 	Deinitializing Control Panel

8:31:15 AM  [main] 	Initializing Control Panel
8:31:15 AM  [main] 	Windows Version:  Enterprise  64-bit
8:31:15 AM  [main] 	XAMPP Version: 5.6.35
8:31:15 AM  [main] 	Control Panel Version: 3.2.2  [ Compiled: Nov 12th 2015 ]
8:31:15 AM  [main] 	You are not running with administrator rights! This will work for
8:31:15 AM  [main] 	most application stuff but whenever you do something with services
8:31:15 AM  [main] 	there will be a security dialogue or things will break! So think 
8:31:15 AM  [main] 	about running this application with administrator rights!
8:31:15 AM  [main] 	XAMPP Installation Directory: "c:\xampp\"
8:31:15 AM  [main] 	Checking for prerequisites
8:31:16 AM  [main] 	All prerequisites found
8:31:16 AM  [main] 	Initializing Modules
8:31:16 AM  [main] 	Starting Check-Timer
8:31:16 AM  [main] 	Control Panel Ready
8:31:17 AM  [Apache] 	Attempting to start Apache app...
8:31:18 AM  [mysql] 	Attempting to start MySQL app...
8:31:19 AM  [Apache] 	Status change detected: running
8:31:19 AM  [mysql] 	Status change detected: running
4:32:29 PM  [main] 	Deinitializing Modules
4:32:29 PM  [main] 	Deinitializing Control Panel

                                                                                                                                                                                                                                                                                                                                                                                                                                                                                                                                                                                                                                                                                                                                                                                                                                                                                                                                                                                                                                                                                                                                                                                                               